2025-06-09T15:15:06.658+08:00	 stat 	CPU: 0m, MEMORY: Alloc=0.9Mi, TotalAlloc=0.9Mi, Sys=8.5Mi, NumGC=0	caller=stat/usage.go:61
2025-06-09T15:15:06.667+08:00	 stat 	(api) shedding_stat [1m], cpu: 0, total: 1, pass: 1, drop: 0	caller=load/sheddingstat.go:61
2025-06-09T15:15:10.428+08:00	 stat 	(usercenter-api) - qps: 0.0/s, drops: 0, avg time: 0.0ms, med: 0.8ms, 90th: 0.8ms, 99th: 0.8ms, 99.9th: 0.8ms	caller=stat/metrics.go:210
2025-06-09T15:16:06.656+08:00	 stat 	CPU: 0m, MEMORY: Alloc=0.9Mi, TotalAlloc=0.9Mi, Sys=8.5Mi, NumGC=0	caller=stat/usage.go:61
2025-06-09T15:16:06.666+08:00	 stat 	(api) shedding_stat [1m], cpu: 0, total: 0, pass: 0, drop: 0	caller=load/sheddingstat.go:61
2025-06-09T15:16:10.427+08:00	 stat 	(usercenter-api) - qps: 0.0/s, drops: 0, avg time: 0.0ms, med: 0.0ms, 90th: 0.0ms, 99th: 0.0ms, 99.9th: 0.0ms	caller=stat/metrics.go:210
2025-06-13T18:29:04.779+08:00	 stat 	CPU: 0m, MEMORY: Alloc=3.3Mi, TotalAlloc=5.3Mi, Sys=18.1Mi, NumGC=3	caller=stat/usage.go:61
2025-06-13T18:29:04.833+08:00	 stat 	(api) shedding_stat [1m], cpu: 0, total: 2, pass: 2, drop: 0	caller=load/sheddingstat.go:61
2025-06-13T18:29:26.190+08:00	 stat 	(usercenter-api) - qps: 0.1/s, drops: 0, avg time: 0.3ms, med: 1.1ms, 90th: 1.1ms, 99th: 1.1ms, 99.9th: 1.1ms	caller=stat/metrics.go:210
2025-06-13T18:30:04.778+08:00	 stat 	CPU: 0m, MEMORY: Alloc=3.6Mi, TotalAlloc=5.5Mi, Sys=18.1Mi, NumGC=3	caller=stat/usage.go:61
2025-06-13T18:30:04.833+08:00	 stat 	(api) shedding_stat [1m], cpu: 0, total: 7, pass: 7, drop: 0	caller=load/sheddingstat.go:61
2025-06-13T18:30:15.217+08:00	 stat 	(usercenter-api) - qps: 0.1/s, drops: 0, avg time: 0.0ms, med: 0.1ms, 90th: 0.1ms, 99th: 0.1ms, 99.9th: 0.1ms	caller=stat/metrics.go:210
2025-06-13T18:30:24.782+08:00	 stat 	(usercenter-api) - qps: 0.0/s, drops: 0, avg time: 0.0ms, med: 0.1ms, 90th: 0.1ms, 99th: 0.1ms, 99.9th: 0.1ms	caller=stat/metrics.go:210
2025-06-13T18:31:25.004+08:00	 stat 	CPU: 0m, MEMORY: Alloc=3.3Mi, TotalAlloc=5.3Mi, Sys=14.9Mi, NumGC=3	caller=stat/usage.go:61
2025-06-13T18:31:25.016+08:00	 stat 	(api) shedding_stat [1m], cpu: 0, total: 2, pass: 2, drop: 0	caller=load/sheddingstat.go:61
2025-06-13T18:31:57.484+08:00	 stat 	(usercenter-api) - qps: 0.0/s, drops: 0, avg time: 0.0ms, med: 0.2ms, 90th: 0.2ms, 99th: 0.2ms, 99.9th: 0.2ms	caller=stat/metrics.go:210
2025-06-13T18:32:25.003+08:00	 stat 	CPU: 0m, MEMORY: Alloc=3.4Mi, TotalAlloc=5.4Mi, Sys=14.9Mi, NumGC=3	caller=stat/usage.go:61
2025-06-13T18:32:25.017+08:00	 stat 	(api) shedding_stat [1m], cpu: 0, total: 0, pass: 0, drop: 0	caller=load/sheddingstat.go:61
2025-06-13T18:32:31.447+08:00	 stat 	(usercenter-api) - qps: 0.0/s, drops: 0, avg time: 0.0ms, med: 0.0ms, 90th: 0.0ms, 99th: 0.0ms, 99.9th: 0.0ms	caller=stat/metrics.go:210
2025-06-13T18:33:40.812+08:00	 stat 	CPU: 0m, MEMORY: Alloc=3.5Mi, TotalAlloc=5.4Mi, Sys=18.9Mi, NumGC=3	caller=stat/usage.go:61
2025-06-13T18:33:40.817+08:00	 stat 	dbcache(sqlc) - qpm: 1, hit_ratio: 100.0%, hit: 1, miss: 0, db_fails: 0	caller=cache/cachestat.go:71
2025-06-13T18:33:40.825+08:00	 stat 	(api) shedding_stat [1m], cpu: 0, total: 1, pass: 1, drop: 0	caller=load/sheddingstat.go:61
2025-06-13T18:33:44.393+08:00	 stat 	(usercenter-api) - qps: 0.0/s, drops: 0, avg time: 466.0ms, med: 466.5ms, 90th: 466.5ms, 99th: 466.5ms, 99.9th: 466.5ms	caller=stat/metrics.go:210
2025-06-13T18:34:40.811+08:00	 stat 	CPU: 0m, MEMORY: Alloc=3.7Mi, TotalAlloc=5.5Mi, Sys=18.9Mi, NumGC=3	caller=stat/usage.go:61
2025-06-13T18:34:40.826+08:00	 stat 	(api) shedding_stat [1m], cpu: 0, total: 0, pass: 0, drop: 0	caller=load/sheddingstat.go:61
2025-06-13T18:34:44.393+08:00	 stat 	(usercenter-api) - qps: 0.0/s, drops: 0, avg time: 0.0ms, med: 0.0ms, 90th: 0.0ms, 99th: 0.0ms, 99.9th: 0.0ms	caller=stat/metrics.go:210
2025-06-13T18:35:40.811+08:00	 stat 	CPU: 0m, MEMORY: Alloc=3.4Mi, TotalAlloc=5.5Mi, Sys=18.9Mi, NumGC=4	caller=stat/usage.go:61
2025-06-13T18:35:40.825+08:00	 stat 	(api) shedding_stat [1m], cpu: 0, total: 0, pass: 0, drop: 0	caller=load/sheddingstat.go:61
2025-06-13T18:35:44.392+08:00	 stat 	(usercenter-api) - qps: 0.0/s, drops: 0, avg time: 0.0ms, med: 0.0ms, 90th: 0.0ms, 99th: 0.0ms, 99.9th: 0.0ms	caller=stat/metrics.go:210
2025-06-13T18:36:40.811+08:00	 stat 	CPU: 0m, MEMORY: Alloc=3.4Mi, TotalAlloc=5.5Mi, Sys=18.9Mi, NumGC=4	caller=stat/usage.go:61
2025-06-13T18:36:40.824+08:00	 stat 	(api) shedding_stat [1m], cpu: 0, total: 0, pass: 0, drop: 0	caller=load/sheddingstat.go:61
2025-06-13T18:36:44.392+08:00	 stat 	(usercenter-api) - qps: 0.0/s, drops: 0, avg time: 0.0ms, med: 0.0ms, 90th: 0.0ms, 99th: 0.0ms, 99.9th: 0.0ms	caller=stat/metrics.go:210
2025-06-13T18:49:53.536+08:00	 stat 	p2c - conn: 192.168.31.194:8080, load: 957, reqs: 1	caller=p2c/p2c.go:195
2025-06-13T18:50:32.469+08:00	 stat 	CPU: 0m, MEMORY: Alloc=3.5Mi, TotalAlloc=5.3Mi, Sys=14.4Mi, NumGC=3	caller=stat/usage.go:61
2025-06-13T18:50:32.483+08:00	 stat 	(api) shedding_stat [1m], cpu: 0, total: 2, pass: 2, drop: 0	caller=load/sheddingstat.go:61
2025-06-13T18:50:53.537+08:00	 stat 	(usercenter-api) - qps: 0.0/s, drops: 0, avg time: 1.0ms, med: 1.4ms, 90th: 1.4ms, 99th: 1.4ms, 99.9th: 1.4ms	caller=stat/metrics.go:210
2025-06-13T18:51:32.468+08:00	 stat 	CPU: 0m, MEMORY: Alloc=3.6Mi, TotalAlloc=5.4Mi, Sys=14.4Mi, NumGC=3	caller=stat/usage.go:61
2025-06-13T18:51:32.484+08:00	 stat 	(api) shedding_stat [1m], cpu: 0, total: 0, pass: 0, drop: 0	caller=load/sheddingstat.go:61
2025-06-13T18:51:53.537+08:00	 stat 	(usercenter-api) - qps: 0.0/s, drops: 0, avg time: 0.0ms, med: 0.0ms, 90th: 0.0ms, 99th: 0.0ms, 99.9th: 0.0ms	caller=stat/metrics.go:210
2025-06-13T18:52:32.468+08:00	 stat 	CPU: 0m, MEMORY: Alloc=3.4Mi, TotalAlloc=5.5Mi, Sys=14.4Mi, NumGC=4	caller=stat/usage.go:61
2025-06-13T18:52:32.484+08:00	 stat 	(api) shedding_stat [1m], cpu: 0, total: 0, pass: 0, drop: 0	caller=load/sheddingstat.go:61
2025-06-13T18:52:53.536+08:00	 stat 	(usercenter-api) - qps: 0.0/s, drops: 0, avg time: 0.0ms, med: 0.0ms, 90th: 0.0ms, 99th: 0.0ms, 99.9th: 0.0ms	caller=stat/metrics.go:210
2025-06-13T18:53:32.468+08:00	 stat 	CPU: 0m, MEMORY: Alloc=3.4Mi, TotalAlloc=5.5Mi, Sys=14.4Mi, NumGC=4	caller=stat/usage.go:61
2025-06-13T18:53:32.483+08:00	 stat 	(api) shedding_stat [1m], cpu: 0, total: 0, pass: 0, drop: 0	caller=load/sheddingstat.go:61
2025-06-13T18:53:53.536+08:00	 stat 	(usercenter-api) - qps: 0.0/s, drops: 0, avg time: 0.0ms, med: 0.0ms, 90th: 0.0ms, 99th: 0.0ms, 99.9th: 0.0ms	caller=stat/metrics.go:210
2025-06-13T18:54:19.031+08:00	 stat 	(usercenter-api) - qps: 0.0/s, drops: 0, avg time: 0.0ms, med: 0.0ms, 90th: 0.0ms, 99th: 0.0ms, 99.9th: 0.0ms	caller=stat/metrics.go:210
2025-06-14T16:15:27.679+08:00	 stat 	CPU: 0m, MEMORY: Alloc=3.2Mi, TotalAlloc=5.2Mi, Sys=18.1Mi, NumGC=3	caller=stat/usage.go:61
2025-06-14T16:15:27.749+08:00	 stat 	(api) shedding_stat [1m], cpu: 0, total: 0, pass: 0, drop: 0	caller=load/sheddingstat.go:61
2025-06-14T16:16:27.671+08:00	 stat 	CPU: 0m, MEMORY: Alloc=3.3Mi, TotalAlloc=5.3Mi, Sys=18.1Mi, NumGC=3	caller=stat/usage.go:61
2025-06-14T16:16:27.746+08:00	 stat 	(api) shedding_stat [1m], cpu: 0, total: 0, pass: 0, drop: 0	caller=load/sheddingstat.go:61
2025-06-14T16:17:00.000+08:00	 stat 	p2c - conn: 192.168.31.44:8080, load: 1873, reqs: 1	caller=p2c/p2c.go:195
2025-06-14T16:17:10.368+08:00	 stat 	(usercenter-api) - qps: 0.0/s, drops: 0, avg time: 10.0ms, med: 10.7ms, 90th: 10.7ms, 99th: 10.7ms, 99.9th: 10.7ms	caller=stat/metrics.go:210
2025-06-14T17:52:13.858+08:00	 stat 	p2c - conn: 192.168.31.44:8080, load: 3827, reqs: 1	caller=p2c/p2c.go:195
2025-06-14T17:52:57.124+08:00	 stat 	(usercenter-api) - qps: 0.0/s, drops: 0, avg time: 8.5ms, med: 15.1ms, 90th: 15.1ms, 99th: 15.1ms, 99.9th: 15.1ms	caller=stat/metrics.go:210
2025-06-16T03:13:50.029+08:00	 stat 	p2c - conn: 127.0.0.1:8080, load: 15157, reqs: 1	caller=p2c/p2c.go:195
2025-06-16T03:13:53.242+08:00	 stat 	CPU: 0m, MEMORY: Alloc=2.6Mi, TotalAlloc=4.3Mi, Sys=14.1Mi, NumGC=2	caller=stat/usage.go:61
2025-06-16T03:13:53.254+08:00	 stat 	(api) shedding_stat [1m], cpu: 0, total: 2, pass: 2, drop: 0	caller=load/sheddingstat.go:61
2025-06-16T03:14:41.864+08:00	 stat 	(article-api) - qps: 0.0/s, drops: 0, avg time: 115.0ms, med: 230.1ms, 90th: 230.1ms, 99th: 230.1ms, 99.9th: 230.1ms	caller=stat/metrics.go:210
2025-06-16T03:14:42.016+08:00	 stat 	(article-api) - qps: 0.0/s, drops: 0, avg time: 0.0ms, med: 0.0ms, 90th: 0.0ms, 99th: 0.0ms, 99.9th: 0.0ms	caller=stat/metrics.go:210
